<?xml version="1.0" encoding="UTF-8"?>
<testsuite name="org.openpelo.beltstatusdump.MetricParserTest" tests="3" skipped="0" failures="0" errors="0" timestamp="2026-06-06T15:09:23" hostname="MacBook-Air.local" time="0.019">
  <properties/>
  <testcase name="rejectsImpossibleSpeed" classname="org.openpelo.beltstatusdump.MetricParserTest" time="0.016"/>
  <testcase name="parsesSpeedAndInclineCandidates" classname="org.openpelo.beltstatusdump.MetricParserTest" time="0.001"/>
  <testcase name="parsesMetricsEmbeddedInObjectText" classname="org.openpelo.beltstatusdump.MetricParserTest" time="0.002"/>
  <system-out><![CDATA[]]></system-out>
  <system-err><![CDATA[]]></system-err>
</testsuite>
