<?xml version="1.0" encoding="UTF-8"?>
<testsuite name="org.openpelo.beltstatusdump.DistanceAccumulatorTest" tests="3" skipped="0" failures="0" errors="0" timestamp="2026-06-06T15:09:23" hostname="MacBook-Air.local" time="0.001">
  <properties/>
  <testcase name="integratesAverageSpeedAcrossSamples" classname="org.openpelo.beltstatusdump.DistanceAccumulatorTest" time="0.001"/>
  <testcase name="breakContinuityPreventsPausedDistance" classname="org.openpelo.beltstatusdump.DistanceAccumulatorTest" time="0.0"/>
  <testcase name="ignoresLongEventGaps" classname="org.openpelo.beltstatusdump.DistanceAccumulatorTest" time="0.0"/>
  <system-out><![CDATA[]]></system-out>
  <system-err><![CDATA[]]></system-err>
</testsuite>
